<?xml version="1.0" encoding="UTF-8"?>
<!-- Generated by org.testng.reporters.JUnitXMLReporter -->
<testsuite hostname="Appies-MacBook-Air.local" ignored="0" name="ExcelNConfigTest" tests="2" failures="1" timestamp="01 Sep 2018 10:37:32 GMT" time="18.898" errors="0">
  <testcase name="testClicks" time="4.222" classname="testcases.TestHomePage"/>
  <testcase name="testClicks" time="1.584" classname="testcases.TestHomePageFail">
    <failure type="java.lang.AssertionError">
      <![CDATA[java.lang.AssertionError: 
at testcases.TestHomePageFail.testClicks(TestHomePageFail.java:47)
... Removed 28 stack frames]]>
    </failure>
  </testcase> <!-- testClicks -->
</testsuite> <!-- ExcelNConfigTest -->
